<?xml version="1.0" encoding="UTF-8"?>
<!-- Generated by org.testng.reporters.JUnitReportReporter -->
<testsuite hostname="Devashishs-MacBook-Pro.local" failures="0" tests="10" name="TestNGSessions.InvocationCountConcept" time="0.057" errors="0" timestamp="21 May 2020 18:34:45 GMT" skipped="0">
  <testcase classname="TestNGSessions.InvocationCountConcept" name="googleTest" time="0.007"/>
  <testcase classname="TestNGSessions.InvocationCountConcept" name="googleTest" time="0.027"/>
  <testcase classname="TestNGSessions.InvocationCountConcept" name="googleTest" time="0.004"/>
  <testcase classname="TestNGSessions.InvocationCountConcept" name="googleTest" time="0.002"/>
  <testcase classname="TestNGSessions.InvocationCountConcept" name="googleTest" time="0.002"/>
  <testcase classname="TestNGSessions.InvocationCountConcept" name="googleTest" time="0.002"/>
  <testcase classname="TestNGSessions.InvocationCountConcept" name="googleTest" time="0.006"/>
  <testcase classname="TestNGSessions.InvocationCountConcept" name="googleTest" time="0.002"/>
  <testcase classname="TestNGSessions.InvocationCountConcept" name="googleTest" time="0.002"/>
  <testcase classname="TestNGSessions.InvocationCountConcept" name="googleTest" time="0.003"/>
</testsuite> <!-- TestNGSessions.InvocationCountConcept -->
