<?xml version="1.0" encoding="UTF-8"?>
<!-- Generated by org.testng.reporters.JUnitReportReporter -->
<testsuite hostname="Devashishs-MacBook-Pro.local" failures="0" tests="2" name="TestNGSessions.TestNgAnnotations" time="0.014" errors="0" timestamp="18 May 2020 18:44:21 GMT" skipped="0">
  <testcase classname="TestNGSessions.TestNgAnnotations" name="veirfyTitleTest" time="0.005"/>
  <testcase classname="TestNGSessions.TestNgAnnotations" name="veirfyTitleTess" time="0.009"/>
</testsuite> <!-- TestNGSessions.TestNgAnnotations -->
