<?xml version="1.0" encoding="UTF-8"?>
<!-- Generated by org.testng.reporters.JUnitReportReporter -->
<testsuite hostname="Devashishs-MacBook-Pro.local" failures="0" tests="5" name="TestNGSessions.PriorityTest" time="0.041" errors="0" timestamp="21 May 2020 16:12:00 GMT" skipped="0">
  <testcase classname="TestNGSessions.PriorityTest" name="ctest4" time="0.006"/>
  <testcase classname="TestNGSessions.PriorityTest" name="atest5" time="0.023"/>
  <testcase classname="TestNGSessions.PriorityTest" name="btest3" time="0.004"/>
  <testcase classname="TestNGSessions.PriorityTest" name="test1" time="0.004"/>
  <testcase classname="TestNGSessions.PriorityTest" name="atest2" time="0.004"/>
</testsuite> <!-- TestNGSessions.PriorityTest -->
