<?xml version="1.0" encoding="UTF-8"?>
<!-- Generated by org.testng.reporters.JUnitReportReporter -->
<testsuite hostname="Devashishs-MacBook-Pro.local" failures="0" tests="3" name="TestNGSessions.TestNgSelenium" time="11.226" errors="0" timestamp="18 May 2020 18:05:13 GMT" skipped="0">
  <testcase classname="TestNGSessions.TestNgSelenium" name="loginTest" time="11.043"/>
  <testcase classname="TestNGSessions.TestNgSelenium" name="verifyLoginPageTitleTest" time="0.045"/>
  <testcase classname="TestNGSessions.TestNgSelenium" name="verifySignUpLinkTest" time="0.138"/>
</testsuite> <!-- TestNGSessions.TestNgSelenium -->
