<?xml version="1.0" encoding="UTF-8"?>
<!-- Generated by org.testng.reporters.JUnitReportReporter -->
<testsuite hostname="Devashishs-MacBook-Pro.local" failures="0" tests="1" name="TestNGSessions.HomePageTest" time="0.002" errors="0" timestamp="21 May 2020 16:14:09 GMT" skipped="0">
  <testcase classname="TestNGSessions.HomePageTest" name="verifyHomePageTitleTest" time="0.002"/>
</testsuite> <!-- TestNGSessions.HomePageTest -->
