<?xml version="1.0" encoding="UTF-8"?>
<!-- Generated by org.testng.reporters.JUnitReportReporter -->
<testsuite hostname="Devashishs-MacBook-Pro.local" failures="0" tests="3" name="TestNGSessions.DependsOnMethods" time="0.018" errors="0" timestamp="19 May 2020 18:46:48 GMT" skipped="0">
  <testcase classname="TestNGSessions.DependsOnMethods" name="loginTest" time="0.015"/>
  <testcase classname="TestNGSessions.DependsOnMethods" name="searchPageTest" time="0.002"/>
  <testcase classname="TestNGSessions.DependsOnMethods" name="homePageTest" time="0.001"/>
</testsuite> <!-- TestNGSessions.DependsOnMethods -->
