<?xml version="1.0" encoding="UTF-8"?>
<!-- Generated by org.testng.reporters.JUnitReportReporter -->
<testsuite hostname="Devashishs-MacBook-Pro.local" failures="0" tests="1" name="TestNGSessions.ExpectedExceptionConcept" time="0.027" errors="0" timestamp="19 May 2020 18:34:25 GMT" skipped="0">
  <testcase classname="TestNGSessions.ExpectedExceptionConcept" name="divTest" time="0.027"/>
</testsuite> <!-- TestNGSessions.ExpectedExceptionConcept -->
