<?xml version="1.0" encoding="UTF-8"?>
<!-- Generated by org.testng.reporters.JUnitReportReporter -->
<testsuite hostname="Devashishs-MacBook-Pro.local" failures="0" tests="5" name="TestNGSessions.DisableTest" time="0.027" errors="0" timestamp="19 May 2020 19:01:53 GMT" skipped="1">
  <testcase classname="TestNGSessions.DisableTest" name="atest5" time="0.018"/>
  <testcase classname="TestNGSessions.DisableTest" name="test1" time="0.003"/>
  <testcase classname="TestNGSessions.DisableTest" name="ctest4" time="0.003"/>
  <testcase classname="TestNGSessions.DisableTest" name="btest3" time="0.003"/>
  <testcase classname="TestNGSessions.DisableTest" name="atest2">
    <skipped/>
  </testcase> <!-- atest2 -->
</testsuite> <!-- TestNGSessions.DisableTest -->
